#
# There is insufficient memory for the Java Runtime Environment to continue.
# Native memory allocation (malloc) failed to allocate 32744 bytes for ChunkPool::allocate
# Possible reasons:
#   The system is out of physical RAM or swap space
#   The process is running with CompressedOops enabled, and the Java Heap may be blocking the growth of the native heap
# Possible solutions:
#   Reduce memory load on the system
#   Increase physical memory or swap space
#   Check if swap backing store is full
#   Decrease Java heap size (-Xmx/-Xms)
#   Decrease number of Java threads
#   Decrease Java thread stack sizes (-Xss)
#   Set larger code cache with -XX:ReservedCodeCacheSize=
#   JVM is running with Unscaled Compressed Oops mode in which the Java heap is
#     placed in the first 4GB address space. The Java Heap base address is the
#     maximum limit for the native heap growth. Please use -XX:HeapBaseMinAddress
#     to set the Java Heap base and to place the Java Heap above 4GB virtual address.
# This output file may be truncated or incomplete.
#
#  Out of Memory Error (arena.cpp:79), pid=4648, tid=7312
#
# JRE version: OpenJDK Runtime Environment (16.0+36) (build 16+36-2231)
# Java VM: OpenJDK 64-Bit Server VM (16+36-2231, mixed mode, sharing, tiered, compressed oops, g1 gc, windows-amd64)
# No core dump will be written. Minidumps are not enabled by default on client versions of Windows
#

---------------  S U M M A R Y ------------

Command Line: -javaagent:C:\Program Files\JetBrains\IntelliJ IDEA Community Edition 2020.3.3\lib\idea_rt.jar=50333:C:\Program Files\JetBrains\IntelliJ IDEA Community Edition 2020.3.3\bin -Dfile.encoding=UTF-8 com.example.hospitalapp.HospitalappApplication

Host: AMD Ryzen 3 2200U with Radeon Vega Mobile Gfx  , 4 cores, 4G,  Windows 10 , 64 bit Build 17763 (10.0.17763.1879)
Time: Thu Apr 29 12:25:27 2021 RTZ 2 (ηθμΰ) elapsed time: 259.837148 seconds (0d 0h 4m 19s)

---------------  T H R E A D  ---------------

Current thread (0x0000020d5f354f30):  JavaThread "C1 CompilerThread0" daemon [_thread_in_native, id=7312, stack(0x0000008d5aa00000,0x0000008d5ab00000)]


Current CompileTask:
C1: 259837 5701   !   3       org.apache.tomcat.util.net.NioEndpoint$Poller::timeout (565 bytes)

Stack: [0x0000008d5aa00000,0x0000008d5ab00000]
Native frames: (J=compiled Java code, j=interpreted, Vv=VM code, C=native code)
V  [jvm.dll+0x6681da]
V  [jvm.dll+0x7c9d99]
V  [jvm.dll+0x7cb4d3]
V  [jvm.dll+0x7cbb33]
V  [jvm.dll+0x242ee5]
V  [jvm.dll+0xae25f]
V  [jvm.dll+0xae5ac]
V  [jvm.dll+0xb9e81]
V  [jvm.dll+0x16a8e0]
V  [jvm.dll+0x169fe8]
V  [jvm.dll+0x16a0fc]
V  [jvm.dll+0x15fc54]
V  [jvm.dll+0x15c6ee]
V  [jvm.dll+0x14a770]
V  [jvm.dll+0x1332e7]
V  [jvm.dll+0x132c0f]
V  [jvm.dll+0x132e49]
V  [jvm.dll+0x1322af]
V  [jvm.dll+0x134071]
V  [jvm.dll+0x225398]
V  [jvm.dll+0x2233dc]
V  [jvm.dll+0x77f9e2]
V  [jvm.dll+0x77952a]
V  [jvm.dll+0x667076]
C  [ucrtbase.dll+0x2268a]
C  [KERNEL32.DLL+0x17974]
C  [ntdll.dll+0x5a2f1]


---------------  P R O C E S S  ---------------

Threads class SMR info:
_java_thread_list=0x0000020d6c780dd0, length=31, elements={
0x0000020d4392d770, 0x0000020d4392e630, 0x0000020d5f2e1840, 0x0000020d5f2e3360,
0x0000020d5f2e5d70, 0x0000020d5f2e6770, 0x0000020d5f2e7550, 0x0000020d5f354f30,
0x0000020d5f358150, 0x0000020d5fd09a20, 0x0000020d60108090, 0x0000020d5ff6d1b0,
0x0000020d6ab5f340, 0x0000020d687f5080, 0x0000020d6bf90bd0, 0x0000020d6a42a4f0,
0x0000020d60882eb0, 0x0000020d60884940, 0x0000020d60884e90, 0x0000020d60883400,
0x0000020d60883950, 0x0000020d6c7b4aa0, 0x0000020d6c7b4550, 0x0000020d6c7b6530,
0x0000020d6c7b2020, 0x0000020d6c7af050, 0x0000020d6c7b2570, 0x0000020d6c7b1ad0,
0x0000020d6c7af5a0, 0x0000020d6c7b3ab0, 0x0000020d6c7b1030
}

Java Threads: ( => current thread )
  0x0000020d4392d770 JavaThread "Reference Handler" daemon [_thread_blocked, id=7608, stack(0x0000008d5a300000,0x0000008d5a400000)]
  0x0000020d4392e630 JavaThread "Finalizer" daemon [_thread_blocked, id=4720, stack(0x0000008d5a400000,0x0000008d5a500000)]
  0x0000020d5f2e1840 JavaThread "Signal Dispatcher" daemon [_thread_blocked, id=9080, stack(0x0000008d5a500000,0x0000008d5a600000)]
  0x0000020d5f2e3360 JavaThread "Attach Listener" daemon [_thread_blocked, id=5200, stack(0x0000008d5a600000,0x0000008d5a700000)]
  0x0000020d5f2e5d70 JavaThread "Service Thread" daemon [_thread_blocked, id=3952, stack(0x0000008d5a700000,0x0000008d5a800000)]
  0x0000020d5f2e6770 JavaThread "Monitor Deflation Thread" daemon [_thread_blocked, id=4676, stack(0x0000008d5a800000,0x0000008d5a900000)]
  0x0000020d5f2e7550 JavaThread "C2 CompilerThread0" daemon [_thread_blocked, id=2924, stack(0x0000008d5a900000,0x0000008d5aa00000)]
=>0x0000020d5f354f30 JavaThread "C1 CompilerThread0" daemon [_thread_in_native, id=7312, stack(0x0000008d5aa00000,0x0000008d5ab00000)]
  0x0000020d5f358150 JavaThread "Sweeper thread" daemon [_thread_blocked, id=1680, stack(0x0000008d5ab00000,0x0000008d5ac00000)]
  0x0000020d5fd09a20 JavaThread "Common-Cleaner" daemon [_thread_blocked, id=8160, stack(0x0000008d5ac00000,0x0000008d5ad00000)]
  0x0000020d60108090 JavaThread "Monitor Ctrl-Break" daemon [_thread_in_native, id=6856, stack(0x0000008d5ad00000,0x0000008d5ae00000)]
  0x0000020d5ff6d1b0 JavaThread "Notification Thread" daemon [_thread_blocked, id=6996, stack(0x0000008d5ae00000,0x0000008d5af00000)]
  0x0000020d6ab5f340 JavaThread "Catalina-utility-1" [_thread_blocked, id=8184, stack(0x0000008d5b500000,0x0000008d5b600000)]
  0x0000020d687f5080 JavaThread "Catalina-utility-2" [_thread_blocked, id=2744, stack(0x0000008d5b600000,0x0000008d5b700000)]
  0x0000020d6bf90bd0 JavaThread "container-0" [_thread_blocked, id=68, stack(0x0000008d5b700000,0x0000008d5b800000)]
  0x0000020d6a42a4f0 JavaThread "mysql-cj-abandoned-connection-cleanup" daemon [_thread_blocked, id=8536, stack(0x0000008d5b800000,0x0000008d5b900000)]
  0x0000020d60882eb0 JavaThread "HikariPool-1 housekeeper" daemon [_thread_blocked, id=8952, stack(0x0000008d5ba00000,0x0000008d5bb00000)]
  0x0000020d60884940 JavaThread "http-nio-8080-BlockPoller" daemon [_thread_in_native, id=8068, stack(0x0000008d5bc00000,0x0000008d5bd00000)]
  0x0000020d60884e90 JavaThread "http-nio-8080-exec-1" daemon [_thread_blocked, id=8976, stack(0x0000008d5bd00000,0x0000008d5be00000)]
  0x0000020d60883400 JavaThread "http-nio-8080-exec-2" daemon [_thread_blocked, id=7224, stack(0x0000008d5be00000,0x0000008d5bf00000)]
  0x0000020d60883950 JavaThread "http-nio-8080-exec-3" daemon [_thread_blocked, id=4920, stack(0x0000008d5bf00000,0x0000008d5c000000)]
  0x0000020d6c7b4aa0 JavaThread "http-nio-8080-exec-4" daemon [_thread_blocked, id=8596, stack(0x0000008d5c000000,0x0000008d5c100000)]
  0x0000020d6c7b4550 JavaThread "http-nio-8080-exec-5" daemon [_thread_blocked, id=8244, stack(0x0000008d5c100000,0x0000008d5c200000)]
  0x0000020d6c7b6530 JavaThread "http-nio-8080-exec-6" daemon [_thread_blocked, id=7956, stack(0x0000008d5c200000,0x0000008d5c300000)]
  0x0000020d6c7b2020 JavaThread "http-nio-8080-exec-7" daemon [_thread_blocked, id=3324, stack(0x0000008d5c300000,0x0000008d5c400000)]
  0x0000020d6c7af050 JavaThread "http-nio-8080-exec-8" daemon [_thread_blocked, id=1536, stack(0x0000008d5c400000,0x0000008d5c500000)]
  0x0000020d6c7b2570 JavaThread "http-nio-8080-exec-9" daemon [_thread_blocked, id=5472, stack(0x0000008d5c500000,0x0000008d5c600000)]
  0x0000020d6c7b1ad0 JavaThread "http-nio-8080-exec-10" daemon [_thread_blocked, id=6396, stack(0x0000008d5c600000,0x0000008d5c700000)]
  0x0000020d6c7af5a0 JavaThread "http-nio-8080-ClientPoller" daemon [_thread_in_native, id=8272, stack(0x0000008d5c700000,0x0000008d5c800000)]
  0x0000020d6c7b3ab0 JavaThread "http-nio-8080-Acceptor" daemon [_thread_in_native, id=3796, stack(0x0000008d5c800000,0x0000008d5c900000)]
  0x0000020d6c7b1030 JavaThread "DestroyJavaVM" [_thread_blocked, id=6808, stack(0x0000008d59c00000,0x0000008d59d00000)]

Other Threads:
  0x0000020d43925050 VMThread "VM Thread" [stack: 0x0000008d5a200000,0x0000008d5a300000] [id=1004]
  0x0000020d601085b0 WatcherThread [stack: 0x0000008d5af00000,0x0000008d5b000000] [id=5392]
  0x0000020d4389b740 GCTaskThread "GC Thread#0" [stack: 0x0000008d59d00000,0x0000008d59e00000] [id=4792]
  0x0000020d60241e50 GCTaskThread "GC Thread#1" [stack: 0x0000008d5b100000,0x0000008d5b200000] [id=7696]
  0x0000020d607c3ae0 GCTaskThread "GC Thread#2" [stack: 0x0000008d5b200000,0x0000008d5b300000] [id=1824]
  0x0000020d60654330 GCTaskThread "GC Thread#3" [stack: 0x0000008d5b300000,0x0000008d5b400000] [id=2508]
  0x0000020d438a7490 ConcurrentGCThread "G1 Main Marker" [stack: 0x0000008d59e00000,0x0000008d59f00000] [id=8564]
  0x0000020d438a7f00 ConcurrentGCThread "G1 Conc#0" [stack: 0x0000008d59f00000,0x0000008d5a000000] [id=3872]
  0x0000020d438f97c0 ConcurrentGCThread "G1 Refine#0" [stack: 0x0000008d5a000000,0x0000008d5a100000] [id=6040]
  0x0000020d60242160 ConcurrentGCThread "G1 Refine#1" [stack: 0x0000008d5b400000,0x0000008d5b500000] [id=8524]
  0x0000020d438fa240 ConcurrentGCThread "G1 Service" [stack: 0x0000008d5a100000,0x0000008d5a200000] [id=8152]

Threads with active compile tasks:
C1 CompilerThread0   261776 5701   !   3       org.apache.tomcat.util.net.NioEndpoint$Poller::timeout (565 bytes)

VM state: not at safepoint (normal execution)

VM Mutex/Monitor currently owned by a thread: None

Heap address: 0x00000000b1800000, size: 1256 MB, Compressed Oops mode: 32-bit
CDS archive(s) mapped at: [0x0000000800000000-0x0000000800bb0000-0x0000000800bb0000), size 12255232, SharedBaseAddress: 0x0000000800000000, ArchiveRelocationMode: 0.
Compressed class space mapped at: 0x0000000800c00000-0x0000000840c00000, reserved size: 1073741824
Narrow klass base: 0x0000000800000000, Narrow klass shift: 3, Narrow klass range: 0x100000000

GC Precious Log:
 CPUs: 4 total, 4 available
 Memory: 5020M
 Large Page Support: Disabled
 NUMA Support: Disabled
 Compressed Oops: Enabled (32-bit)
 Heap Region Size: 1M
 Heap Min Capacity: 8M
 Heap Initial Capacity: 80M
 Heap Max Capacity: 1256M
 Pre-touch: Disabled
 Parallel Workers: 4
 Concurrent Workers: 1
 Concurrent Refinement Workers: 4
 Periodic GC: Disabled

Heap:
 garbage-first heap   total 58368K, used 30342K [0x00000000b1800000, 0x0000000100000000)
  region size 1024K, 6 young (6144K), 3 survivors (3072K)
 Metaspace       used 58661K, committed 59136K, reserved 1105920K
  class space    used 7728K, committed 7936K, reserved 1048576K

Heap Regions: E=young(eden), S=young(survivor), O=old, HS=humongous(starts), HC=humongous(continues), CS=collection set, F=free, OA=open archive, CA=closed archive, TAMS=top-at-mark-start (previous, next)
|   0|0x00000000b1800000, 0x00000000b1900000, 0x00000000b1900000|100%|HS|  |TAMS 0x00000000b1900000, 0x00000000b1800000| Complete 
|   1|0x00000000b1900000, 0x00000000b1a00000, 0x00000000b1a00000|100%| O|  |TAMS 0x00000000b1a00000, 0x00000000b1900000| Untracked 
|   2|0x00000000b1a00000, 0x00000000b1b00000, 0x00000000b1b00000|100%| O|  |TAMS 0x00000000b1b00000, 0x00000000b1a00000| Untracked 
|   3|0x00000000b1b00000, 0x00000000b1c00000, 0x00000000b1c00000|100%| O|  |TAMS 0x00000000b1c00000, 0x00000000b1b00000| Untracked 
|   4|0x00000000b1c00000, 0x00000000b1d00000, 0x00000000b1d00000|100%| O|  |TAMS 0x00000000b1d00000, 0x00000000b1c00000| Untracked 
|   5|0x00000000b1d00000, 0x00000000b1e00000, 0x00000000b1e00000|100%| O|  |TAMS 0x00000000b1e00000, 0x00000000b1d00000| Untracked 
|   6|0x00000000b1e00000, 0x00000000b1f00000, 0x00000000b1f00000|100%| O|  |TAMS 0x00000000b1f00000, 0x00000000b1e00000| Untracked 
|   7|0x00000000b1f00000, 0x00000000b2000000, 0x00000000b2000000|100%| O|  |TAMS 0x00000000b2000000, 0x00000000b1f00000| Untracked 
|   8|0x00000000b2000000, 0x00000000b2062000, 0x00000000b2100000| 38%| O|  |TAMS 0x00000000b2062000, 0x00000000b2000000| Untracked 
|   9|0x00000000b2100000, 0x00000000b2200000, 0x00000000b2200000|100%| O|  |TAMS 0x00000000b2200000, 0x00000000b2100000| Untracked 
|  10|0x00000000b2200000, 0x00000000b2300000, 0x00000000b2300000|100%| O|  |TAMS 0x00000000b2300000, 0x00000000b2200000| Untracked 
|  11|0x00000000b2300000, 0x00000000b2400000, 0x00000000b2400000|100%| O|  |TAMS 0x00000000b2400000, 0x00000000b2300000| Untracked 
|  12|0x00000000b2400000, 0x00000000b2500000, 0x00000000b2500000|100%| O|  |TAMS 0x00000000b2500000, 0x00000000b2400000| Untracked 
|  13|0x00000000b2500000, 0x00000000b2600000, 0x00000000b2600000|100%| O|  |TAMS 0x00000000b2600000, 0x00000000b2500000| Untracked 
|  14|0x00000000b2600000, 0x00000000b2700000, 0x00000000b2700000|100%| O|  |TAMS 0x00000000b2700000, 0x00000000b2600000| Untracked 
|  15|0x00000000b2700000, 0x00000000b2800000, 0x00000000b2800000|100%| O|  |TAMS 0x00000000b2700000, 0x00000000b2700000| Untracked 
|  16|0x00000000b2800000, 0x00000000b2900000, 0x00000000b2900000|100%| O|  |TAMS 0x00000000b2800000, 0x00000000b2800000| Untracked 
|  17|0x00000000b2900000, 0x00000000b2a00000, 0x00000000b2a00000|100%| O|  |TAMS 0x00000000b2900000, 0x00000000b2900000| Untracked 
|  18|0x00000000b2a00000, 0x00000000b2b00000, 0x00000000b2b00000|100%| O|  |TAMS 0x00000000b2a00000, 0x00000000b2a00000| Untracked 
|  19|0x00000000b2b00000, 0x00000000b2c00000, 0x00000000b2c00000|100%| O|  |TAMS 0x00000000b2b00000, 0x00000000b2b00000| Untracked 
|  20|0x00000000b2c00000, 0x00000000b2d00000, 0x00000000b2d00000|100%| O|  |TAMS 0x00000000b2c00000, 0x00000000b2c00000| Untracked 
|  21|0x00000000b2d00000, 0x00000000b2e00000, 0x00000000b2e00000|100%| O|  |TAMS 0x00000000b2d00000, 0x00000000b2d00000| Untracked 
|  22|0x00000000b2e00000, 0x00000000b2f00000, 0x00000000b2f00000|100%| O|  |TAMS 0x00000000b2e00000, 0x00000000b2e00000| Untracked 
|  23|0x00000000b2f00000, 0x00000000b3000000, 0x00000000b3000000|100%| O|  |TAMS 0x00000000b2f00000, 0x00000000b2f00000| Untracked 
|  24|0x00000000b3000000, 0x00000000b3100000, 0x00000000b3100000|100%| O|  |TAMS 0x00000000b3000000, 0x00000000b3000000| Untracked 
|  25|0x00000000b3100000, 0x00000000b3146800, 0x00000000b3200000| 27%| O|  |TAMS 0x00000000b3100000, 0x00000000b3100000| Untracked 
|  26|0x00000000b3200000, 0x00000000b3200000, 0x00000000b3300000|  0%| F|  |TAMS 0x00000000b3200000, 0x00000000b3200000| Untracked 
|  27|0x00000000b3300000, 0x00000000b3300000, 0x00000000b3400000|  0%| F|  |TAMS 0x00000000b3300000, 0x00000000b3300000| Untracked 
|  28|0x00000000b3400000, 0x00000000b3400000, 0x00000000b3500000|  0%| F|  |TAMS 0x00000000b3400000, 0x00000000b3400000| Untracked 
|  29|0x00000000b3500000, 0x00000000b3500000, 0x00000000b3600000|  0%| F|  |TAMS 0x00000000b3500000, 0x00000000b3500000| Untracked 
|  30|0x00000000b3600000, 0x00000000b3600000, 0x00000000b3700000|  0%| F|  |TAMS 0x00000000b3600000, 0x00000000b3600000| Untracked 
|  31|0x00000000b3700000, 0x00000000b3700000, 0x00000000b3800000|  0%| F|  |TAMS 0x00000000b3700000, 0x00000000b3700000| Untracked 
|  32|0x00000000b3800000, 0x00000000b3800000, 0x00000000b3900000|  0%| F|  |TAMS 0x00000000b3800000, 0x00000000b3800000| Untracked 
|  33|0x00000000b3900000, 0x00000000b39f9270, 0x00000000b3a00000| 97%| S|CS|TAMS 0x00000000b3900000, 0x00000000b3900000| Complete 
|  34|0x00000000b3a00000, 0x00000000b3b00000, 0x00000000b3b00000|100%| S|CS|TAMS 0x00000000b3a00000, 0x00000000b3a00000| Complete 
|  35|0x00000000b3b00000, 0x00000000b3b00000, 0x00000000b3c00000|  0%| F|  |TAMS 0x00000000b3b00000, 0x00000000b3b00000| Untracked 
|  36|0x00000000b3c00000, 0x00000000b3d00000, 0x00000000b3d00000|100%| S|CS|TAMS 0x00000000b3c00000, 0x00000000b3c00000| Complete 
|  37|0x00000000b3d00000, 0x00000000b3d00000, 0x00000000b3e00000|  0%| F|  |TAMS 0x00000000b3d00000, 0x00000000b3d00000| Untracked 
|  38|0x00000000b3e00000, 0x00000000b3e00000, 0x00000000b3f00000|  0%| F|  |TAMS 0x00000000b3e00000, 0x00000000b3e00000| Untracked 
|  39|0x00000000b3f00000, 0x00000000b3f00000, 0x00000000b4000000|  0%| F|  |TAMS 0x00000000b3f00000, 0x00000000b3f00000| Untracked 
|  40|0x00000000b4000000, 0x00000000b4000000, 0x00000000b4100000|  0%| F|  |TAMS 0x00000000b4000000, 0x00000000b4000000| Untracked 
|  41|0x00000000b4100000, 0x00000000b4100000, 0x00000000b4200000|  0%| F|  |TAMS 0x00000000b4100000, 0x00000000b4100000| Untracked 
|  42|0x00000000b4200000, 0x00000000b4200000, 0x00000000b4300000|  0%| F|  |TAMS 0x00000000b4200000, 0x00000000b4200000| Untracked 
|  43|0x00000000b4300000, 0x00000000b4300000, 0x00000000b4400000|  0%| F|  |TAMS 0x00000000b4300000, 0x00000000b4300000| Untracked 
|  44|0x00000000b4400000, 0x00000000b4400000, 0x00000000b4500000|  0%| F|  |TAMS 0x00000000b4400000, 0x00000000b4400000| Untracked 
|  45|0x00000000b4500000, 0x00000000b4500000, 0x00000000b4600000|  0%| F|  |TAMS 0x00000000b4500000, 0x00000000b4500000| Untracked 
|  46|0x00000000b4600000, 0x00000000b4600000, 0x00000000b4700000|  0%| F|  |TAMS 0x00000000b4600000, 0x00000000b4600000| Untracked 
|  47|0x00000000b4700000, 0x00000000b4700000, 0x00000000b4800000|  0%| F|  |TAMS 0x00000000b4700000, 0x00000000b4700000| Untracked 
|  48|0x00000000b4800000, 0x00000000b4800000, 0x00000000b4900000|  0%| F|  |TAMS 0x00000000b4800000, 0x00000000b4800000| Untracked 
|  49|0x00000000b4900000, 0x00000000b4900000, 0x00000000b4a00000|  0%| F|  |TAMS 0x00000000b4900000, 0x00000000b4900000| Untracked 
|  50|0x00000000b4a00000, 0x00000000b4a00000, 0x00000000b4b00000|  0%| F|  |TAMS 0x00000000b4a00000, 0x00000000b4a00000| Untracked 
|  51|0x00000000b4b00000, 0x00000000b4b00000, 0x00000000b4c00000|  0%| F|  |TAMS 0x00000000b4b00000, 0x00000000b4b00000| Untracked 
|  69|0x00000000b5d00000, 0x00000000b5d00000, 0x00000000b5e00000|  0%| F|  |TAMS 0x00000000b5d00000, 0x00000000b5d00000| Untracked 
|  70|0x00000000b5e00000, 0x00000000b5e00000, 0x00000000b5f00000|  0%| F|  |TAMS 0x00000000b5e00000, 0x00000000b5e00000| Untracked 
|  71|0x00000000b5f00000, 0x00000000b5f60f90, 0x00000000b6000000| 37%| E|  |TAMS 0x00000000b5f00000, 0x00000000b5f00000| Complete 
|  72|0x00000000b6000000, 0x00000000b6100000, 0x00000000b6100000|100%| E|CS|TAMS 0x00000000b6000000, 0x00000000b6000000| Complete 
|  79|0x00000000b6700000, 0x00000000b6800000, 0x00000000b6800000|100%| E|CS|TAMS 0x00000000b6700000, 0x00000000b6700000| Complete 

Card table byte_map: [0x0000020d5a240000,0x0000020d5a4c0000] _byte_map_base: 0x0000020d59cb4000

Marking Bits (Prev, Next): (CMBitMap*) 0x0000020d4389cdc0, (CMBitMap*) 0x0000020d4389ce00
 Prev Bits: [0x0000020d5a740000, 0x0000020d5bae0000)
 Next Bits: [0x0000020d5bae0000, 0x0000020d5ce80000)

Polling page: 0x0000020d41a00000

Metaspace:

Usage:
  Non-class:     49.74 MB used.
      Class:      7.55 MB used.
       Both:     57.29 MB used.

Virtual space:
  Non-class space:       56.00 MB reserved,      50.00 MB ( 89%) committed,  7 nodes.
      Class space:        1.00 GB reserved,       7.75 MB ( <1%) committed,  1 nodes.
              Both:        1.05 GB reserved,      57.75 MB (  5%) committed. 

Chunk freelists:
   Non-Class:  1.73 MB
       Class:  310.00 KB
        Both:  2.04 MB

MaxMetaspaceSize: 17179869184.00 GB
CompressedClassSpaceSize: 1.00 GB
 - commit_granule_bytes: 65536.
 - commit_granule_words: 8192.
 - virtual_space_node_default_size: 1048576.
 - enlarge_chunks_in_place: 1.
 - new_chunks_are_fully_committed: 0.
 - uncommit_free_chunks: 1.
 - use_allocation_guard: 0.
 - handle_deallocations: 1.


Internal statistics:

num_allocs_failed_limit: 6.
num_arena_births: 480.
num_arena_deaths: 0.
num_vsnodes_births: 8.
num_vsnodes_deaths: 0.
num_space_committed: 924.
num_space_uncommitted: 0.
num_chunks_returned_to_freelist: 6.
num_chunks_taken_from_freelist: 2588.
num_chunk_merges: 6.
num_chunk_splits: 1877.
num_chunks_enlarged: 1514.
num_purges: 0.

CodeHeap 'non-profiled nmethods': size=120000Kb used=2766Kb max_used=3234Kb free=117233Kb
 bounds [0x0000020d52a90000, 0x0000020d52dc0000, 0x0000020d59fc0000]
CodeHeap 'profiled nmethods': size=120000Kb used=9294Kb max_used=10678Kb free=110705Kb
 bounds [0x0000020d4b560000, 0x0000020d4bfe0000, 0x0000020d52a90000]
CodeHeap 'non-nmethods': size=5760Kb used=1337Kb max_used=1371Kb free=4422Kb
 bounds [0x0000020d4afc0000, 0x0000020d4b230000, 0x0000020d4b560000]
 total_blobs=5576 nmethods=4911 adapters=577
 compilation: enabled
              stopped_count=0, restarted_count=0
 full_count=0

Compilation events (20 events):
Event: 212.407 Thread 0x0000020d5f354f30 nmethod 5688 0x0000020d4b75d090 code [0x0000020d4b75d2a0, 0x0000020d4b75d738]
Event: 212.673 Thread 0x0000020d5f354f30 5689       3       java.util.concurrent.Executors$RunnableAdapter::call (14 bytes)
Event: 212.674 Thread 0x0000020d5f354f30 nmethod 5689 0x0000020d4b879f90 code [0x0000020d4b87a140, 0x0000020d4b87a328]
Event: 215.265 Thread 0x0000020d5f354f30 5691       3       java.util.concurrent.locks.AbstractQueuedSynchronizer$ConditionNode::block (15 bytes)
Event: 215.266 Thread 0x0000020d5f354f30 nmethod 5691 0x0000020d4b879690 code [0x0000020d4b879860, 0x0000020d4b879ca8]
Event: 239.866 Thread 0x0000020d5f354f30 5692       3       java.util.concurrent.locks.AbstractQueuedSynchronizer$ConditionObject::unlinkCancelledWaiters (91 bytes)
Event: 239.867 Thread 0x0000020d5f354f30 nmethod 5692 0x0000020d4b8efc10 code [0x0000020d4b8efde0, 0x0000020d4b8f0298]
Event: 256.542 Thread 0x0000020d5f354f30 5693       3       org.apache.tomcat.util.net.NioBlockingSelector$BlockPoller::events (54 bytes)
Event: 256.543 Thread 0x0000020d5f354f30 nmethod 5693 0x0000020d4bd40010 code [0x0000020d4bd40200, 0x0000020d4bd40838]
Event: 257.551 Thread 0x0000020d5f354f30 5694       3       java.util.concurrent.atomic.AtomicLong::set (12 bytes)
Event: 257.552 Thread 0x0000020d5f354f30 nmethod 5694 0x0000020d4bd3fc90 code [0x0000020d4bd3fe20, 0x0000020d4bd3ff58]
Event: 257.552 Thread 0x0000020d5f354f30 5696       3       java.nio.channels.spi.AbstractSelector::begin (48 bytes)
Event: 257.553 Thread 0x0000020d5f354f30 nmethod 5696 0x0000020d4b5a9010 code [0x0000020d4b5a9200, 0x0000020d4b5a9898]
Event: 257.553 Thread 0x0000020d5f354f30 5697       3       sun.nio.ch.WindowsSelectorImpl$SubSelector::poll (51 bytes)
Event: 257.553 Thread 0x0000020d5f354f30 nmethod 5697 0x0000020d4b8ef690 code [0x0000020d4b8ef840, 0x0000020d4b8efa88]
Event: 258.575 Thread 0x0000020d5f354f30 5699       3       java.util.concurrent.atomic.AtomicLong::getAndSet (12 bytes)
Event: 258.576 Thread 0x0000020d5f354f30 nmethod 5699 0x0000020d4b706490 code [0x0000020d4b706620, 0x0000020d4b706738]
Event: 258.576 Thread 0x0000020d5f354f30 5700       3       jdk.internal.misc.Unsafe::getAndSetLong (24 bytes)
Event: 258.576 Thread 0x0000020d5f354f30 nmethod 5700 0x0000020d4b705f90 code [0x0000020d4b706140, 0x0000020d4b706388]
Event: 259.577 Thread 0x0000020d5f354f30 5701   !   3       org.apache.tomcat.util.net.NioEndpoint$Poller::timeout (565 bytes)

GC Heap History (20 events):
Event: 8.562 GC heap before
{Heap before GC invocations=7 (full 0):
 garbage-first heap   total 48128K, used 35990K [0x00000000b1800000, 0x0000000100000000)
  region size 1024K, 28 young (28672K), 4 survivors (4096K)
 Metaspace       used 25394K, committed 25664K, reserved 1073152K
  class space    used 3127K, committed 3264K, reserved 1048576K
}
Event: 8.585 GC heap after
{Heap after GC invocations=8 (full 0):
 garbage-first heap   total 48128K, used 14870K [0x00000000b1800000, 0x0000000100000000)
  region size 1024K, 4 young (4096K), 4 survivors (4096K)
 Metaspace       used 25394K, committed 25664K, reserved 1073152K
  class space    used 3127K, committed 3264K, reserved 1048576K
}
Event: 8.596 GC heap before
{Heap before GC invocations=8 (full 0):
 garbage-first heap   total 48128K, used 33302K [0x00000000b1800000, 0x0000000100000000)
  region size 1024K, 23 young (23552K), 4 survivors (4096K)
 Metaspace       used 25394K, committed 25664K, reserved 1073152K
  class space    used 3127K, committed 3264K, reserved 1048576K
}
Event: 8.609 GC heap after
{Heap after GC invocations=9 (full 0):
 garbage-first heap   total 58368K, used 14782K [0x00000000b1800000, 0x0000000100000000)
  region size 1024K, 1 young (1024K), 1 survivors (1024K)
 Metaspace       used 25394K, committed 25664K, reserved 1073152K
  class space    used 3127K, committed 3264K, reserved 1048576K
}
Event: 9.264 GC heap before
{Heap before GC invocations=9 (full 0):
 garbage-first heap   total 58368K, used 42430K [0x00000000b1800000, 0x0000000100000000)
  region size 1024K, 29 young (29696K), 1 survivors (1024K)
 Metaspace       used 26667K, committed 27008K, reserved 1073152K
  class space    used 3301K, committed 3456K, reserved 1048576K
}
Event: 9.269 GC heap after
{Heap after GC invocations=10 (full 0):
 garbage-first heap   total 58368K, used 15541K [0x00000000b1800000, 0x0000000100000000)
  region size 1024K, 1 young (1024K), 1 survivors (1024K)
 Metaspace       used 26667K, committed 27008K, reserved 1073152K
  class space    used 3301K, committed 3456K, reserved 1048576K
}
Event: 10.933 GC heap before
{Heap before GC invocations=10 (full 0):
 garbage-first heap   total 58368K, used 45237K [0x00000000b1800000, 0x0000000100000000)
  region size 1024K, 30 young (30720K), 1 survivors (1024K)
 Metaspace       used 35140K, committed 35456K, reserved 1081344K
  class space    used 4529K, committed 4672K, reserved 1048576K
}
Event: 10.940 GC heap after
{Heap after GC invocations=11 (full 0):
 garbage-first heap   total 58368K, used 18503K [0x00000000b1800000, 0x0000000100000000)
  region size 1024K, 4 young (4096K), 4 survivors (4096K)
 Metaspace       used 35140K, committed 35456K, reserved 1081344K
  class space    used 4529K, committed 4672K, reserved 1048576K
}
Event: 10.961 GC heap before
{Heap before GC invocations=11 (full 0):
 garbage-first heap   total 58368K, used 18503K [0x00000000b1800000, 0x0000000100000000)
  region size 1024K, 5 young (5120K), 4 survivors (4096K)
 Metaspace       used 35402K, committed 35648K, reserved 1081344K
  class space    used 4603K, committed 4736K, reserved 1048576K
}
Event: 10.967 GC heap after
{Heap after GC invocations=12 (full 0):
 garbage-first heap   total 58368K, used 18950K [0x00000000b1800000, 0x0000000100000000)
  region size 1024K, 1 young (1024K), 1 survivors (1024K)
 Metaspace       used 35402K, committed 35648K, reserved 1081344K
  class space    used 4603K, committed 4736K, reserved 1048576K
}
Event: 12.430 GC heap before
{Heap before GC invocations=13 (full 0):
 garbage-first heap   total 58368K, used 43526K [0x00000000b1800000, 0x0000000100000000)
  region size 1024K, 26 young (26624K), 1 survivors (1024K)
 Metaspace       used 42089K, committed 42368K, reserved 1089536K
  class space    used 5590K, committed 5696K, reserved 1048576K
}
Event: 12.437 GC heap after
{Heap after GC invocations=14 (full 0):
 garbage-first heap   total 58368K, used 20352K [0x00000000b1800000, 0x0000000100000000)
  region size 1024K, 2 young (2048K), 2 survivors (2048K)
 Metaspace       used 42089K, committed 42368K, reserved 1089536K
  class space    used 5590K, committed 5696K, reserved 1048576K
}
Event: 13.780 GC heap before
{Heap before GC invocations=14 (full 0):
 garbage-first heap   total 58368K, used 44928K [0x00000000b1800000, 0x0000000100000000)
  region size 1024K, 26 young (26624K), 2 survivors (2048K)
 Metaspace       used 46758K, committed 47104K, reserved 1097728K
  class space    used 6227K, committed 6400K, reserved 1048576K
}
Event: 13.790 GC heap after
{Heap after GC invocations=15 (full 0):
 garbage-first heap   total 58368K, used 22016K [0x00000000b1800000, 0x0000000100000000)
  region size 1024K, 4 young (4096K), 4 survivors (4096K)
 Metaspace       used 46758K, committed 47104K, reserved 1097728K
  class space    used 6227K, committed 6400K, reserved 1048576K
}
Event: 14.734 GC heap before
{Heap before GC invocations=15 (full 0):
 garbage-first heap   total 58368K, used 44544K [0x00000000b1800000, 0x0000000100000000)
  region size 1024K, 26 young (26624K), 4 survivors (4096K)
 Metaspace       used 49445K, committed 49792K, reserved 1097728K
  class space    used 6615K, committed 6784K, reserved 1048576K
}
Event: 14.750 GC heap after
{Heap after GC invocations=16 (full 0):
 garbage-first heap   total 58368K, used 23821K [0x00000000b1800000, 0x0000000100000000)
  region size 1024K, 4 young (4096K), 4 survivors (4096K)
 Metaspace       used 49445K, committed 49792K, reserved 1097728K
  class space    used 6615K, committed 6784K, reserved 1048576K
}
Event: 20.938 GC heap before
{Heap before GC invocations=16 (full 0):
 garbage-first heap   total 58368K, used 45325K [0x00000000b1800000, 0x0000000100000000)
  region size 1024K, 25 young (25600K), 4 survivors (4096K)
 Metaspace       used 53000K, committed 53376K, reserved 1097728K
  class space    used 7063K, committed 7232K, reserved 1048576K
}
Event: 20.953 GC heap after
{Heap after GC invocations=17 (full 0):
 garbage-first heap   total 58368K, used 25626K [0x00000000b1800000, 0x0000000100000000)
  region size 1024K, 4 young (4096K), 4 survivors (4096K)
 Metaspace       used 53000K, committed 53376K, reserved 1097728K
  class space    used 7063K, committed 7232K, reserved 1048576K
}
Event: 25.716 GC heap before
{Heap before GC invocations=17 (full 0):
 garbage-first heap   total 58368K, used 45082K [0x00000000b1800000, 0x0000000100000000)
  region size 1024K, 24 young (24576K), 4 survivors (4096K)
 Metaspace       used 58008K, committed 58432K, reserved 1105920K
  class space    used 7664K, committed 7872K, reserved 1048576K
}
Event: 25.728 GC heap after
{Heap after GC invocations=18 (full 0):
 garbage-first heap   total 58368K, used 28294K [0x00000000b1800000, 0x0000000100000000)
  region size 1024K, 3 young (3072K), 3 survivors (3072K)
 Metaspace       used 58008K, committed 58432K, reserved 1105920K
  class space    used 7664K, committed 7872K, reserved 1048576K
}

Deoptimization events (20 events):
Event: 33.440 Thread 0x0000020d6c7af050 Uncommon trap: trap_request=0xffffff45 fr.pc=0x0000020d52b34c20 relative=0x00000000000002e0
Event: 33.440 Thread 0x0000020d6c7af050 Uncommon trap: reason=unstable_if action=reinterpret pc=0x0000020d52b34c20 method=java.util.HashMap.getNode(Ljava/lang/Object;)Ljava/util/HashMap$Node; @ 66 c2
Event: 33.440 Thread 0x0000020d6c7af050 DEOPT PACKING pc=0x0000020d52b34c20 sp=0x0000008d5c4fc8a0
Event: 33.440 Thread 0x0000020d6c7af050 DEOPT UNPACKING pc=0x0000020d4b00d72e sp=0x0000008d5c4fc820 mode 2
Event: 174.416 Thread 0x0000020d6a42a4f0 Uncommon trap: trap_request=0xffffff45 fr.pc=0x0000020d52b42558 relative=0x0000000000000778
Event: 174.416 Thread 0x0000020d6a42a4f0 Uncommon trap: reason=unstable_if action=reinterpret pc=0x0000020d52b42558 method=java.util.zip.ZipCoder.normalizedHash(Ljava/lang/String;)I @ 11 c2
Event: 174.416 Thread 0x0000020d6a42a4f0 DEOPT PACKING pc=0x0000020d52b42558 sp=0x0000008d5b8fede0
Event: 174.416 Thread 0x0000020d6a42a4f0 DEOPT UNPACKING pc=0x0000020d4b00d72e sp=0x0000008d5b8fecf0 mode 2
Event: 174.416 Thread 0x0000020d6a42a4f0 Uncommon trap: trap_request=0xffffff45 fr.pc=0x0000020d52b43804 relative=0x00000000000003e4
Event: 174.416 Thread 0x0000020d6a42a4f0 Uncommon trap: reason=unstable_if action=reinterpret pc=0x0000020d52b43804 method=java.util.zip.ZipCoder.normalizedHash(Ljava/lang/String;)I @ 11 c2
Event: 174.416 Thread 0x0000020d6a42a4f0 DEOPT PACKING pc=0x0000020d52b43804 sp=0x0000008d5b8fed40
Event: 174.416 Thread 0x0000020d6a42a4f0 DEOPT UNPACKING pc=0x0000020d4b00d72e sp=0x0000008d5b8fece0 mode 2
Event: 174.416 Thread 0x0000020d6a42a4f0 Uncommon trap: trap_request=0xffffff45 fr.pc=0x0000020d52cbe130 relative=0x0000000000000090
Event: 174.416 Thread 0x0000020d6a42a4f0 Uncommon trap: reason=unstable_if action=reinterpret pc=0x0000020d52cbe130 method=java.util.zip.ZipCoder$UTF8ZipCoder.hasTrailingSlash([BI)Z @ 11 c2
Event: 174.417 Thread 0x0000020d6a42a4f0 DEOPT PACKING pc=0x0000020d52cbe130 sp=0x0000008d5b8fed70
Event: 174.418 Thread 0x0000020d6a42a4f0 DEOPT UNPACKING pc=0x0000020d4b00d72e sp=0x0000008d5b8fecf0 mode 2
Event: 174.418 Thread 0x0000020d6a42a4f0 Uncommon trap: trap_request=0xffffff45 fr.pc=0x0000020d52ad5580 relative=0x0000000000002600
Event: 174.418 Thread 0x0000020d6a42a4f0 Uncommon trap: reason=unstable_if action=reinterpret pc=0x0000020d52ad5580 method=java.util.jar.JarFile.getEntry(Ljava/lang/String;)Ljava/util/zip/ZipEntry; @ 15 c2
Event: 174.418 Thread 0x0000020d6a42a4f0 DEOPT PACKING pc=0x0000020d52ad5580 sp=0x0000008d5b8fee40
Event: 174.418 Thread 0x0000020d6a42a4f0 DEOPT UNPACKING pc=0x0000020d4b00d72e sp=0x0000008d5b8fee48 mode 2

Classes unloaded (0 events):
No events

Classes redefined (0 events):
No events

Internal exceptions (20 events):
Event: 14.256 Thread 0x0000020d4386a220 Exception <a 'java/lang/ClassNotFoundException'{0x00000000b4424db0}: org/springframework/context/ResourceLoaderAwareCustomizer> (0x00000000b4424db0) 
thrown [t:\workspace\open\src\hotspot\share\classfile\systemDictionary.cpp, line 256]
Event: 14.257 Thread 0x0000020d4386a220 Exception <a 'java/lang/ClassNotFoundException'{0x00000000b4428ae8}: org/springframework/beans/factory/AwareCustomizer> (0x00000000b4428ae8) 
thrown [t:\workspace\open\src\hotspot\share\classfile\systemDictionary.cpp, line 256]
Event: 14.258 Thread 0x0000020d4386a220 Exception <a 'java/lang/ClassNotFoundException'{0x00000000b442bbb0}: org/springframework/context/ApplicationContextAwareCustomizer> (0x00000000b442bbb0) 
thrown [t:\workspace\open\src\hotspot\share\classfile\systemDictionary.cpp, line 256]
Event: 14.259 Thread 0x0000020d4386a220 Exception <a 'java/lang/ClassNotFoundException'{0x00000000b44304b8}: org/springframework/beans/factory/AwareCustomizer> (0x00000000b44304b8) 
thrown [t:\workspace\open\src\hotspot\share\classfile\systemDictionary.cpp, line 256]
Event: 14.259 Thread 0x0000020d4386a220 Exception <a 'java/lang/ClassNotFoundException'{0x00000000b4433558}: org/springframework/web/context/ServletContextAwareCustomizer> (0x00000000b4433558) 
thrown [t:\workspace\open\src\hotspot\share\classfile\systemDictionary.cpp, line 256]
Event: 14.260 Thread 0x0000020d4386a220 Exception <a 'java/lang/ClassNotFoundException'{0x00000000b44376e8}: org/springframework/beans/factory/AwareCustomizer> (0x00000000b44376e8) 
thrown [t:\workspace\open\src\hotspot\share\classfile\systemDictionary.cpp, line 256]
Event: 14.551 Thread 0x0000020d4386a220 Exception <a 'java/lang/NoSuchMethodError'{0x00000000b3ec2d88}: 'void java.lang.invoke.DirectMethodHandle$Holder.invokeVirtual(java.lang.Object, java.lang.Object, int)'> (0x00000000b3ec2d88) 
thrown [t:\workspace\open\src\hotspot\share\interpreter\linkResolver.cpp, line 790]
Event: 14.557 Thread 0x0000020d4386a220 Exception <a 'java/lang/NoSuchMethodError'{0x00000000b3ede4f0}: 'void java.lang.invoke.DirectMethodHandle$Holder.invokeVirtual(java.lang.Object, java.lang.Object, long)'> (0x00000000b3ede4f0) 
thrown [t:\workspace\open\src\hotspot\share\interpreter\linkResolver.cpp, line 790]
Event: 14.891 Thread 0x0000020d4386a220 Exception <a 'java/lang/IncompatibleClassChangeError'{0x00000000b5e20f98}: Found class java.lang.Object, but interface was expected> (0x00000000b5e20f98) 
thrown [t:\workspace\open\src\hotspot\share\interpreter\linkResolver.cpp, line 857]
Event: 14.970 Thread 0x0000020d4386a220 Exception <a 'java/lang/NoSuchMethodError'{0x00000000b5d93cc8}: 'int java.lang.invoke.DirectMethodHandle$Holder.invokeStaticInit(java.lang.Object, java.lang.Object, java.lang.Object, java.lang.Object)'> (0x00000000b5d93cc8) 
thrown [t:\workspace\open\src\hotspot\share\interpreter\linkResolver.cpp, line 790]
Event: 15.240 Thread 0x0000020d4386a220 Exception <a 'java/lang/NoSuchMethodError'{0x00000000b46d4eb0}: 'java.lang.Object java.lang.invoke.DirectMethodHandle$Holder.invokeSpecial(java.lang.Object, java.lang.Object, int, java.lang.Object, int, java.lang.Object)'> (0x00000000b46d4eb0) 
thrown [t:\workspace\open\src\hotspot\share\interpreter\linkResolver.cpp, line 790]
Event: 15.241 Thread 0x0000020d4386a220 Exception <a 'java/lang/NoSuchMethodError'{0x00000000b46dd270}: 'java.lang.Object java.lang.invoke.DirectMethodHandle$Holder.newInvokeSpecial(java.lang.Object, java.lang.Object, int, java.lang.Object, int)'> (0x00000000b46dd270) 
thrown [t:\workspace\open\src\hotspot\share\interpreter\linkResolver.cpp, line 790]
Event: 15.242 Thread 0x0000020d4386a220 Exception <a 'java/lang/NoSuchMethodError'{0x00000000b46e1480}: 'java.lang.Object java.lang.invoke.DirectMethodHandle$Holder.invokeSpecial(java.lang.Object, java.lang.Object, java.lang.Object, int, java.lang.Object, int)'> (0x00000000b46e1480) 
thrown [t:\workspace\open\src\hotspot\share\interpreter\linkResolver.cpp, line 790]
Event: 15.244 Thread 0x0000020d4386a220 Exception <a 'java/lang/NoSuchMethodError'{0x00000000b46ebaf8}: 'void java.lang.invoke.DirectMethodHandle$Holder.invokeVirtual(java.lang.Object, java.lang.Object)'> (0x00000000b46ebaf8) 
thrown [t:\workspace\open\src\hotspot\share\interpreter\linkResolver.cpp, line 790]
Event: 15.390 Thread 0x0000020d4386a220 Exception <a 'java/lang/ClassNotFoundException'{0x00000000b4248068}: java/lang/ObjectCustomizer> (0x00000000b4248068) 
thrown [t:\workspace\open\src\hotspot\share\classfile\systemDictionary.cpp, line 256]
Event: 15.391 Thread 0x0000020d4386a220 Exception <a 'java/lang/ClassNotFoundException'{0x00000000b424e3c0}: com/example/hospitalapp/model/DoctorCustomizer> (0x00000000b424e3c0) 
thrown [t:\workspace\open\src\hotspot\share\classfile\systemDictionary.cpp, line 256]
Event: 16.315 Thread 0x0000020d4386a220 Exception <a 'java/lang/NoSuchMethodError'{0x00000000b40ce718}: 'java.lang.Object java.lang.invoke.DirectMethodHandle$Holder.invokeInterface(java.lang.Object, java.lang.Object, java.lang.Object, java.lang.Object)'> (0x00000000b40ce718) 
thrown [t:\workspace\open\src\hotspot\share\interpreter\linkResolver.cpp, line 790]
Event: 16.359 Thread 0x0000020d4386a220 Exception <a 'java/lang/NoSuchMethodError'{0x00000000b3f97db0}: 'java.lang.Object java.lang.invoke.DirectMethodHandle$Holder.invokeStaticInit(java.lang.Object, java.lang.Object, java.lang.Object, java.lang.Object, java.lang.Object, java.lang.Object)'> (0x00000000b3f97db0) 
thrown [t:\workspace\open\src\hotspot\share\interpreter\linkResolver.cpp, line 790]
Event: 16.370 Thread 0x0000020d4386a220 Exception <a 'java/lang/ClassNotFoundException'{0x00000000b3fb83e8}: java/lang/ObjectCustomizer> (0x00000000b3fb83e8) 
thrown [t:\workspace\open\src\hotspot\share\classfile\systemDictionary.cpp, line 256]
Event: 16.372 Thread 0x0000020d4386a220 Exception <a 'java/lang/ClassNotFoundException'{0x00000000b3fbe790}: com/example/hospitalapp/model/PatientCustomizer> (0x00000000b3fbe790) 
thrown [t:\workspace\open\src\hotspot\share\classfile\systemDictionary.cpp, line 256]

Events (20 events):
Event: 32.765 Executing  VM operation: Cleanup
Event: 32.765 Executing  VM operation: Cleanup done
Event: 33.771 Executing  VM operation: Cleanup
Event: 33.771 Executing  VM operation: Cleanup done
Event: 154.376 Executing  VM operation: Cleanup
Event: 154.376 Executing  VM operation: Cleanup done
Event: 170.460 Executing  VM operation: Cleanup
Event: 170.460 Executing  VM operation: Cleanup done
Event: 179.498 Executing  VM operation: Cleanup
Event: 179.498 Executing  VM operation: Cleanup done
Event: 184.525 Executing  VM operation: Cleanup
Event: 184.525 Executing  VM operation: Cleanup done
Event: 189.538 Executing  VM operation: Cleanup
Event: 189.538 Executing  VM operation: Cleanup done
Event: 210.654 Executing  VM operation: Cleanup
Event: 210.654 Executing  VM operation: Cleanup done
Event: 214.677 Executing  VM operation: Cleanup
Event: 215.265 Executing  VM operation: Cleanup done
Event: 219.281 Executing  VM operation: Cleanup
Event: 219.281 Executing  VM operation: Cleanup done


Dynamic libraries:
0x00007ff7abf90000 - 0x00007ff7abf9e000 	C:\Users\ί\.jdks\openjdk-16\bin\java.exe
0x00007ffec5770000 - 0x00007ffec595c000 	C:\Windows\SYSTEM32\ntdll.dll
0x00007ffec3150000 - 0x00007ffec3203000 	C:\Windows\System32\KERNEL32.DLL
0x00007ffec1ee0000 - 0x00007ffec2174000 	C:\Windows\System32\KERNELBASE.dll
0x00007ffec1860000 - 0x00007ffec195a000 	C:\Windows\System32\ucrtbase.dll
0x00007ffeb79e0000 - 0x00007ffeb79f8000 	C:\Users\ί\.jdks\openjdk-16\bin\jli.dll
0x00007ffeb6ec0000 - 0x00007ffeb6ed9000 	C:\Users\ί\.jdks\openjdk-16\bin\VCRUNTIME140.dll
0x00007ffec3950000 - 0x00007ffec3ae7000 	C:\Windows\System32\USER32.dll
0x00007ffec2180000 - 0x00007ffec21a0000 	C:\Windows\System32\win32u.dll
0x00007ffec4170000 - 0x00007ffec4199000 	C:\Windows\System32\GDI32.dll
0x00007ffeaf220000 - 0x00007ffeaf499000 	C:\Windows\WinSxS\amd64_microsoft.windows.common-controls_6595b64144ccf1df_6.0.17763.1879_none_de7416585348d805\COMCTL32.dll
0x00007ffec1d40000 - 0x00007ffec1edc000 	C:\Windows\System32\gdi32full.dll
0x00007ffec56a0000 - 0x00007ffec573e000 	C:\Windows\System32\msvcrt.dll
0x00007ffec19c0000 - 0x00007ffec1a60000 	C:\Windows\System32\msvcp_win.dll
0x00007ffec3af0000 - 0x00007ffec3e1d000 	C:\Windows\System32\combase.dll
0x00007ffec3fa0000 - 0x00007ffec40bf000 	C:\Windows\System32\RPCRT4.dll
0x00007ffec1c50000 - 0x00007ffec1ccf000 	C:\Windows\System32\bcryptPrimitives.dll
0x00007ffec2ad0000 - 0x00007ffec2afe000 	C:\Windows\System32\IMM32.DLL
0x00007ffebd950000 - 0x00007ffebd95c000 	C:\Users\ί\.jdks\openjdk-16\bin\vcruntime140_1.dll
0x00007ffeb6e00000 - 0x00007ffeb6e91000 	C:\Users\ί\.jdks\openjdk-16\bin\msvcp140.dll
0x00007ffe9d2c0000 - 0x00007ffe9de6b000 	C:\Users\ί\.jdks\openjdk-16\bin\server\jvm.dll
0x00007ffec30a0000 - 0x00007ffec3143000 	C:\Windows\System32\ADVAPI32.dll
0x00007ffec3210000 - 0x00007ffec32ae000 	C:\Windows\System32\sechost.dll
0x00007ffec3f90000 - 0x00007ffec3f98000 	C:\Windows\System32\PSAPI.DLL
0x00007ffebe0e0000 - 0x00007ffebe0e9000 	C:\Windows\SYSTEM32\WSOCK32.dll
0x00007ffec32b0000 - 0x00007ffec331d000 	C:\Windows\System32\WS2_32.dll
0x00007ffebf160000 - 0x00007ffebf184000 	C:\Windows\SYSTEM32\WINMM.dll
0x00007ffebc4b0000 - 0x00007ffebc4ba000 	C:\Windows\SYSTEM32\VERSION.dll
0x00007ffebf130000 - 0x00007ffebf15d000 	C:\Windows\SYSTEM32\WINMMBASE.dll
0x00007ffec1cd0000 - 0x00007ffec1d1a000 	C:\Windows\System32\cfgmgr32.dll
0x00007ffec1760000 - 0x00007ffec1771000 	C:\Windows\System32\kernel.appcore.dll
0x00007ffeba110000 - 0x00007ffeba11a000 	C:\Users\ί\.jdks\openjdk-16\bin\jimage.dll
0x00007ffeaf990000 - 0x00007ffeafb7d000 	C:\Windows\SYSTEM32\DBGHELP.DLL
0x00007ffeaf960000 - 0x00007ffeaf98a000 	C:\Windows\SYSTEM32\dbgcore.DLL
0x00007ffeba0e0000 - 0x00007ffeba0ee000 	C:\Users\ί\.jdks\openjdk-16\bin\instrument.dll
0x00007ffeb6dd0000 - 0x00007ffeb6df5000 	C:\Users\ί\.jdks\openjdk-16\bin\java.dll
0x00007ffec41a0000 - 0x00007ffec5699000 	C:\Windows\System32\SHELL32.dll
0x00007ffec2a00000 - 0x00007ffec2aa8000 	C:\Windows\System32\shcore.dll
0x00007ffec21a0000 - 0x00007ffec28eb000 	C:\Windows\System32\windows.storage.dll
0x00007ffec1780000 - 0x00007ffec17a4000 	C:\Windows\System32\profapi.dll
0x00007ffec17b0000 - 0x00007ffec180d000 	C:\Windows\System32\powrprof.dll
0x00007ffec2e60000 - 0x00007ffec2eb2000 	C:\Windows\System32\shlwapi.dll
0x00007ffec1d20000 - 0x00007ffec1d37000 	C:\Windows\System32\cryptsp.dll
0x00007ffeaecc0000 - 0x00007ffeaecd8000 	C:\Users\ί\.jdks\openjdk-16\bin\zip.dll
0x00007ffeb6d40000 - 0x00007ffeb6d59000 	C:\Users\ί\.jdks\openjdk-16\bin\net.dll
0x00007ffeb7550000 - 0x00007ffeb764c000 	C:\Windows\SYSTEM32\WINHTTP.dll
0x00007ffec0f40000 - 0x00007ffec0fa7000 	C:\Windows\system32\mswsock.dll
0x00007ffeb37c0000 - 0x00007ffeb37d3000 	C:\Users\ί\.jdks\openjdk-16\bin\nio.dll
0x00007ffeaeca0000 - 0x00007ffeaecba000 	C:\Program Files\JetBrains\IntelliJ IDEA Community Edition 2020.3.3\bin\breakgen64.dll
0x00007ffeb6dc0000 - 0x00007ffeb6dd0000 	C:\Users\ί\.jdks\openjdk-16\bin\verify.dll
0x00007ffeb6d30000 - 0x00007ffeb6d39000 	C:\Users\ί\.jdks\openjdk-16\bin\management.dll
0x00007ffeb6d10000 - 0x00007ffeb6d1b000 	C:\Users\ί\.jdks\openjdk-16\bin\management_ext.dll
0x00007ffea3b40000 - 0x00007ffea3b56000 	C:\Windows\system32\napinsp.dll
0x00007ffea0240000 - 0x00007ffea025a000 	C:\Windows\system32\pnrpnsp.dll
0x00007ffec0ca0000 - 0x00007ffec0d66000 	C:\Windows\SYSTEM32\DNSAPI.dll
0x00007ffec3090000 - 0x00007ffec3098000 	C:\Windows\System32\NSI.dll
0x00007ffec0c60000 - 0x00007ffec0c9d000 	C:\Windows\SYSTEM32\IPHLPAPI.DLL
0x00007ffea54a0000 - 0x00007ffea54ae000 	C:\Windows\System32\winrnr.dll
0x00007ffebdf80000 - 0x00007ffebdf9b000 	C:\Windows\system32\NLAapi.dll
0x00007ffeb8980000 - 0x00007ffeb8995000 	C:\Windows\system32\wshbth.dll
0x0000000054600000 - 0x0000000054635000 	C:\Program Files\Bonjour\mdnsNSP.dll
0x00007ffeb65a0000 - 0x00007ffeb65aa000 	C:\Windows\System32\rasadhlp.dll
0x00007ffeb7470000 - 0x00007ffeb74e9000 	C:\Windows\System32\fwpuclnt.dll
0x00007ffec1830000 - 0x00007ffec1856000 	C:\Windows\System32\bcrypt.dll
0x00007ffec0ad0000 - 0x00007ffec0b03000 	C:\Windows\system32\rsaenh.dll
0x00007ffec1660000 - 0x00007ffec1689000 	C:\Windows\SYSTEM32\USERENV.dll
0x00007ffec1110000 - 0x00007ffec111c000 	C:\Windows\SYSTEM32\CRYPTBASE.dll
0x00007ffeb87c0000 - 0x00007ffeb87d6000 	C:\Windows\SYSTEM32\dhcpcsvc6.DLL
0x00007ffeb8890000 - 0x00007ffeb88ac000 	C:\Windows\SYSTEM32\dhcpcsvc.DLL
0x00007ffeb19f0000 - 0x00007ffeb19fe000 	C:\Users\ί\.jdks\openjdk-16\bin\sunmscapi.dll
0x00007ffec1a60000 - 0x00007ffec1c43000 	C:\Windows\System32\CRYPT32.dll
0x00007ffec1810000 - 0x00007ffec1822000 	C:\Windows\System32\MSASN1.dll
0x00007ffec1290000 - 0x00007ffec12b6000 	C:\Windows\SYSTEM32\ncrypt.dll
0x00007ffec1250000 - 0x00007ffec128c000 	C:\Windows\SYSTEM32\NTASN1.dll
0x00007ffeb01f0000 - 0x00007ffeb01f7000 	C:\Windows\system32\wshunix.dll

dbghelp: loaded successfully - version: 4.0.5 - missing functions: none
symbol engine: initialized successfully - sym options: 0x614 - pdb path: .;C:\Users\ί\.jdks\openjdk-16\bin;C:\Windows\SYSTEM32;C:\Windows\WinSxS\amd64_microsoft.windows.common-controls_6595b64144ccf1df_6.0.17763.1879_none_de7416585348d805;C:\Users\ί\.jdks\openjdk-16\bin\server;C:\Program Files\JetBrains\IntelliJ IDEA Community Edition 2020.3.3\bin;C:\Program Files\Bonjour

VM Arguments:
jvm_args: -javaagent:C:\Program Files\JetBrains\IntelliJ IDEA Community Edition 2020.3.3\lib\idea_rt.jar=50333:C:\Program Files\JetBrains\IntelliJ IDEA Community Edition 2020.3.3\bin -Dfile.encoding=UTF-8 
java_command: com.example.hospitalapp.HospitalappApplication
java_class_path (initial): C:\Users\ί\IdeaProjects\hospitalapp\target\classes;C:\Users\ί\.m2\repository\commons-lang\commons-lang\2.1\commons-lang-2.1.jar;C:\Users\ί\.m2\repository\org\codehaus\plexus\plexus-utils\1.1\plexus-utils-1.1.jar;C:\Users\ί\.m2\repository\org\springframework\boot\spring-boot-starter-data-jpa\2.4.4\spring-boot-starter-data-jpa-2.4.4.jar;C:\Users\ί\.m2\repository\org\springframework\boot\spring-boot-starter-aop\2.4.4\spring-boot-starter-aop-2.4.4.jar;C:\Users\ί\.m2\repository\org\springframework\spring-aop\5.3.5\spring-aop-5.3.5.jar;C:\Users\ί\.m2\repository\org\aspectj\aspectjweaver\1.9.6\aspectjweaver-1.9.6.jar;C:\Users\ί\.m2\repository\org\springframework\boot\spring-boot-starter-jdbc\2.4.4\spring-boot-starter-jdbc-2.4.4.jar;C:\Users\ί\.m2\repository\com\zaxxer\HikariCP\3.4.5\HikariCP-3.4.5.jar;C:\Users\ί\.m2\repository\org\springframework\spring-jdbc\5.3.5\spring-jdbc-5.3.5.jar;C:\Users\ί\.m2\repository\jakarta\transaction\jakarta.transaction-api\1.3.3\jakarta.transaction-api-1.3.3.jar;C:\Users\ί\.m2\repository\jakarta\persistence\jakarta.persistence-api\2.2.3\jakarta.persistence-api-2.2.3.jar;C:\Users\ί\.m2\repository\org\hibernate\hibernate-core\5.4.29.Final\hibernate-core-5.4.29.Final.jar;C:\Users\ί\.m2\repository\org\jboss\logging\jboss-logging\3.4.1.Final\jboss-logging-3.4.1.Final.jar;C:\Users\ί\.m2\repository\org\javassist\javassist\3.27.0-GA\javassist-3.27.0-GA.jar;C:\Users\ί\.m2\repository\net\bytebuddy\byte-buddy\1.10.22\byte-buddy-1.10.22.jar;C:\Users\ί\.m2\repository\antlr\antlr\2.7.7\antlr-2.7.7.jar;C:\Users\ί\.m2\repository\org\jboss\jandex\2.2.3.Final\jandex-2.2.3.Final.jar;C:\Users\ί\.m2\repository\com\fasterxml\classmate\1.5.1\classmate-1.5.1.jar;C:\Users\ί\.m2\repository\org\dom4j\dom4j\2.1.3\dom4j-2.1.3.jar;C:\Users\ί\.m2\repository\org\hibernate\common\hibernate-commons-annotations\5.1.2.Final\hibernate-commons-annotations-5.1.2.Final.jar;C:\Users\ί\.m2\repository\org\glassfish\jaxb\jaxb-runtime\2.3.3\jaxb-runtime-2.3
Launcher Type: SUN_STANDARD

[Global flags]

[error occurred during error reporting (printing flags), id 0xe0000001, Out of Memory Error (t:\workspace\open\src\hotspot\share\memory\allocation.cpp:44)]

Logging:
Log output configuration:
 #0: stdout all=warning uptime,level,tags
 #1: stderr all=off uptime,level,tags

Environment Variables:
PATH=C:\Program Files\Common Files\Oracle\Java\javapath;C:\Program Files (x86)\Common Files\Oracle\Java\javapath;C:\Windows\system32;C:\Windows;C:\Windows\System32\Wbem;C:\Windows\System32\WindowsPowerShell\v1.0\;C:\Windows\System32\OpenSSH\;C:\Program Files\nodejs\;C:\Program Files\Git\cmd;C:\Program Files\Git\mingw64\bin;C:\Program Files\Git\usr\bin;C:\Users\ί\AppData\Local\Programs\Python\Python39\Scripts\;C:\Users\ί\AppData\Local\Programs\Python\Python39\;C:\Users\ί\AppData\Local\Microsoft\WindowsApps;;C:\Program Files\JetBrains\IntelliJ IDEA Community Edition 2020.3.3\bin;;C:\Users\ί\AppData\Local\Programs\Microsoft VS Code\bin;C:\Users\ί\AppData\Roaming\npm
USERNAME=Sind
OS=Windows_NT
PROCESSOR_IDENTIFIER=AMD64 Family 23 Model 17 Stepping 0, AuthenticAMD



---------------  S Y S T E M  ---------------

OS:
 Windows 10 , 64 bit Build 17763 (10.0.17763.1879)
OS uptime: 0 days 1:27 hours

CPU: total 4 (initial active 4) (4 cores per cpu, 2 threads per core) family 23 model 17 stepping 0 microcode 0x0, cx8, cmov, fxsr, ht, mmx, 3dnowpref, sse, sse2, sse3, ssse3, sse4a, sse4.1, sse4.2, popcnt, lzcnt, tsc, tscinvbit, avx, avx2, aes, clmul, bmi1, bmi2, adx, sha, fma, vzeroupper, clflush, clflushopt

Memory: 4k page, system-wide physical 5020M (577M free)
TotalPageFile size 7068M (AvailPageFile size 0M)
current process WorkingSet (physical memory assigned to process): 196M, peak: 238M
current process commit charge ("private bytes"): 230M, peak: 269M

vm_info: OpenJDK 64-Bit Server VM (16+36-2231) for windows-amd64 JRE (16+36-2231), built on Feb  8 2021 11:39:36 by "mach5one" with MS VC++ 16.7 (VS2019)

END.
